TN:
SF:/Users/kevinsullivan/projects/Frisby/src/01-Linear-Data-Flow/index.js
FN:1,Box
FN:2,map
FN:3,fold
FN:4,unBox
FN:5,equals
FN:16,nextCharForNumberString
FN:25,trim
FN:26,parse
FN:27,increment
FN:28,fromCharCode
FNF:10
FNH:10
FNDA:18,Box
FNDA:5,map
FNDA:1,fold
FNDA:7,unBox
FNDA:2,equals
FNDA:1,nextCharForNumberString
FNDA:2,trim
FNDA:2,parse
FNDA:2,increment
FNDA:2,fromCharCode
DA:1,18
DA:2,5
DA:3,1
DA:4,7
DA:5,2
DA:16,1
DA:17,1
DA:25,2
DA:26,2
DA:27,2
DA:28,2
LF:11
LH:11
BRF:0
BRH:0
end_of_record
TN:
SF:/Users/kevinsullivan/projects/Frisby/src/02-Refactor-Imperative-Code/index.js
FN:1,Box
FN:2,map
FN:3,fold
FN:4,unBox
FN:5,equals
FN:8,moneyToFloat
FN:13,percentToFloat
FN:19,stripDollarSign
FN:20,stripPercentSign
FN:21,percentToPercentage
FN:23,applyDiscount
FN:25,(anonymous_11)
FN:27,(anonymous_12)
FNF:13
FNH:13
FNDA:27,Box
FNDA:11,map
FNDA:3,fold
FNDA:8,unBox
FNDA:2,equals
FNDA:2,moneyToFloat
FNDA:2,percentToFloat
FNDA:5,stripDollarSign
FNDA:5,stripPercentSign
FNDA:3,percentToPercentage
FNDA:1,applyDiscount
FNDA:1,(anonymous_11)
FNDA:1,(anonymous_12)
DA:1,27
DA:2,11
DA:3,3
DA:4,8
DA:5,2
DA:8,2
DA:13,2
DA:19,5
DA:20,5
DA:21,3
DA:23,1
DA:25,1
DA:27,1
LF:13
LH:13
BRF:0
BRH:0
end_of_record
