TN:
SF:/Users/kevinsullivan/projects/Frisby/src/01-Linear-Data-Flow.js
FN:11,nextCharForNumberString
FN:20,trim
FN:21,parse
FN:22,increment
FN:23,fromCharCode
FNF:5
FNH:5
FNDA:1,nextCharForNumberString
FNDA:2,trim
FNDA:2,parse
FNDA:2,increment
FNDA:2,fromCharCode
DA:2,1
DA:11,1
DA:12,1
DA:20,2
DA:21,2
DA:22,2
DA:23,2
LF:7
LH:7
BRF:0
BRH:0
end_of_record
TN:
SF:/Users/kevinsullivan/projects/Frisby/src/02-Refactor-Imperative-Code.js
FN:4,moneyToFloat
FN:9,percentToFloat
FN:15,stripDollarSign
FN:16,stripPercentSign
FN:17,percentToPercentDecimal
FN:19,applyDiscount
FN:21,(anonymous_6)
FN:23,(anonymous_7)
FNF:8
FNH:8
FNDA:2,moneyToFloat
FNDA:2,percentToFloat
FNDA:5,stripDollarSign
FNDA:5,stripPercentSign
FNDA:3,percentToPercentDecimal
FNDA:1,applyDiscount
FNDA:1,(anonymous_6)
FNDA:1,(anonymous_7)
DA:2,1
DA:4,2
DA:9,2
DA:15,5
DA:16,5
DA:17,3
DA:19,1
DA:21,1
DA:23,1
LF:9
LH:9
BRF:0
BRH:0
end_of_record
TN:
SF:/Users/kevinsullivan/projects/Frisby/src/03-Enforce-A-Null-Check.js
FN:4,findColor
FNF:1
FNH:1
FNDA:2,findColor
DA:2,1
DA:4,1
DA:5,2
DA:6,2
DA:7,2
LF:5
LH:5
BRF:0
BRH:0
end_of_record
TN:
SF:/Users/kevinsullivan/projects/Frisby/src/04-Use-Chain-For-Composable-Error-Handling.js
FN:15,getPort
FN:17,readFile
FN:17,(anonymous_3)
FN:18,parse
FN:18,(anonymous_5)
FN:19,onSuccess
FN:20,onError
FNF:7
FNH:7
FNDA:3,getPort
FNDA:3,readFile
FNDA:3,(anonymous_3)
FNDA:2,parse
FNDA:2,(anonymous_5)
FNDA:1,onSuccess
FNDA:2,onError
DA:2,1
DA:3,1
DA:15,1
DA:16,3
DA:17,3
DA:18,3
DA:19,3
DA:20,3
DA:22,3
LF:9
LH:9
BRF:0
BRH:0
end_of_record
TN:
SF:/Users/kevinsullivan/projects/Frisby/src/05-A-Collection-Of-Either-Examples.js
FN:12,openSite
FN:15,showLogin
FN:16,renderPage
FN:26,getPrefs
FN:29,(anonymous_4)
FN:30,getPremiumStatus
FN:31,loadDefaultPrefs
FN:32,loadUserPrefs
FN:47,getStreetName
FN:53,getAddress
FN:54,getStreet
FN:55,getName
FN:56,onError
FN:57,onSuccess
FNF:14
FNH:14
FNDA:2,openSite
FNDA:1,showLogin
FNDA:1,renderPage
FNDA:2,getPrefs
FNDA:1,(anonymous_4)
FNDA:2,getPremiumStatus
FNDA:1,loadDefaultPrefs
FNDA:1,loadUserPrefs
FNDA:3,getStreetName
FNDA:3,getAddress
FNDA:2,getStreet
FNDA:1,getName
FNDA:2,onError
FNDA:1,onSuccess
DA:2,1
DA:12,2
DA:15,1
DA:16,1
DA:26,2
DA:29,1
DA:30,2
DA:31,1
DA:32,1
DA:47,3
DA:53,3
DA:54,2
DA:55,1
DA:56,2
DA:57,1
LF:15
LH:15
BRF:0
BRH:0
end_of_record
TN:
SF:/Users/kevinsullivan/projects/Frisby/src/utils.js
FN:2,Box
FN:3,getType
FN:4,map
FN:5,fold
FN:6,unBox
FN:7,equals
FN:10,Right
FN:11,getType
FN:12,chain
FN:13,map
FN:14,fold
FN:15,unBox
FN:18,Left
FN:19,getType
FN:20,chain
FN:21,map
FN:22,fold
FN:23,unBox
FN:26,fromNullable
FN:30,tryCatch
FNF:20
FNH:20
FNDA:34,Box
FNDA:1,getType
FNDA:15,map
FNDA:3,fold
FNDA:9,unBox
FNDA:2,equals
FNDA:32,Right
FNDA:4,getType
FNDA:12,chain
FNDA:2,map
FNDA:6,fold
FNDA:2,unBox
FNDA:22,Left
FNDA:3,getType
FNDA:2,chain
FNDA:3,map
FNDA:8,fold
FNDA:2,unBox
FNDA:14,fromNullable
FNDA:7,tryCatch
DA:2,34
DA:3,1
DA:4,15
DA:5,3
DA:6,9
DA:7,2
DA:10,32
DA:11,4
DA:12,12
DA:13,2
DA:14,6
DA:15,2
DA:18,22
DA:19,3
DA:20,2
DA:21,3
DA:22,8
DA:23,2
DA:26,1
DA:27,14
DA:30,1
DA:31,7
DA:32,7
DA:33,4
DA:35,3
LF:25
LH:25
BRDA:27,0,0,7
BRDA:27,0,1,7
BRF:2
BRH:2
end_of_record
